2020-03-13 14:36:22.117  INFO 16964 --- [restartedMain] l.kaoyan.community.CommunityApplication  : Starting CommunityApplication on DESKTOP-AD6LGH5 with PID 16964 (C:\Users\Dell\IdeaProjects\community\target\classes started by Dell in C:\Users\Dell\IdeaProjects\community)
2020-03-13 14:36:22.131  INFO 16964 --- [restartedMain] l.kaoyan.community.CommunityApplication  : No active profile set, falling back to default profiles: default
2020-03-13 14:36:22.335  INFO 16964 --- [restartedMain] .e.DevToolsPropertyDefaultsPostProcessor : Devtools property defaults active! Set 'spring.devtools.add-properties' to 'false' to disable
2020-03-13 14:36:22.336  INFO 16964 --- [restartedMain] .e.DevToolsPropertyDefaultsPostProcessor : For additional web related logging consider setting the 'logging.level.web' property to 'DEBUG'
2020-03-13 14:36:22.581  WARN 16964 --- [background-preinit] o.s.h.c.j.Jackson2ObjectMapperBuilder    : For Jackson Kotlin classes support please add "com.fasterxml.jackson.module:jackson-module-kotlin" to the classpath
2020-03-13 14:36:26.248  INFO 16964 --- [restartedMain] o.s.b.w.embedded.tomcat.TomcatWebServer  : Tomcat initialized with port(s): 8887 (http)
2020-03-13 14:36:26.268  INFO 16964 --- [restartedMain] o.apache.catalina.core.StandardService   : Starting service [Tomcat]
2020-03-13 14:36:26.269  INFO 16964 --- [restartedMain] org.apache.catalina.core.StandardEngine  : Starting Servlet engine: [Apache Tomcat/9.0.30]
2020-03-13 14:36:26.601  INFO 16964 --- [restartedMain] o.a.c.c.C.[Tomcat].[localhost].[/]       : Initializing Spring embedded WebApplicationContext
2020-03-13 14:36:26.610  INFO 16964 --- [restartedMain] o.s.web.context.ContextLoader            : Root WebApplicationContext: initialization completed in 4273 ms
2020-03-13 14:36:26.746  INFO 16964 --- [restartedMain] com.zaxxer.hikari.HikariDataSource       : HikariPool-1 - Starting...
2020-03-13 14:36:27.223  INFO 16964 --- [restartedMain] com.zaxxer.hikari.HikariDataSource       : HikariPool-1 - Start completed.
2020-03-13 14:36:27.238  INFO 16964 --- [restartedMain] o.s.b.a.h2.H2ConsoleAutoConfiguration    : H2 console available at '/h2-console'. Database available at 'jdbc:h2:D:/community'
2020-03-13 14:36:28.556  INFO 16964 --- [restartedMain] o.s.s.concurrent.ThreadPoolTaskExecutor  : Initializing ExecutorService 'applicationTaskExecutor'
2020-03-13 14:36:28.672  INFO 16964 --- [restartedMain] o.s.b.a.w.s.WelcomePageHandlerMapping    : Adding welcome page template: index
2020-03-13 14:36:29.882  INFO 16964 --- [restartedMain] o.s.b.d.a.OptionalLiveReloadServer       : LiveReload server is running on port 35729
2020-03-13 14:36:29.982  INFO 16964 --- [restartedMain] o.s.b.w.embedded.tomcat.TomcatWebServer  : Tomcat started on port(s): 8887 (http) with context path ''
2020-03-13 14:36:29.992  INFO 16964 --- [restartedMain] l.kaoyan.community.CommunityApplication  : Started CommunityApplication in 8.9 seconds (JVM running for 14.405)
2020-03-13 15:44:42.796  INFO 22724 --- [restartedMain] l.kaoyan.community.CommunityApplication  : Starting CommunityApplication on DESKTOP-AD6LGH5 with PID 22724 (C:\Users\Dell\IdeaProjects\community\target\classes started by Dell in C:\Users\Dell\IdeaProjects\community)
2020-03-13 15:44:42.799  INFO 22724 --- [restartedMain] l.kaoyan.community.CommunityApplication  : No active profile set, falling back to default profiles: default
2020-03-13 15:44:43.011  INFO 22724 --- [restartedMain] .e.DevToolsPropertyDefaultsPostProcessor : Devtools property defaults active! Set 'spring.devtools.add-properties' to 'false' to disable
2020-03-13 15:44:43.038  INFO 22724 --- [restartedMain] .e.DevToolsPropertyDefaultsPostProcessor : For additional web related logging consider setting the 'logging.level.web' property to 'DEBUG'
2020-03-13 15:44:43.156  WARN 22724 --- [background-preinit] o.s.h.c.j.Jackson2ObjectMapperBuilder    : For Jackson Kotlin classes support please add "com.fasterxml.jackson.module:jackson-module-kotlin" to the classpath
2020-03-13 15:44:48.628  INFO 22724 --- [restartedMain] o.s.b.w.embedded.tomcat.TomcatWebServer  : Tomcat initialized with port(s): 8887 (http)
2020-03-13 15:44:48.650  INFO 22724 --- [restartedMain] o.apache.catalina.core.StandardService   : Starting service [Tomcat]
2020-03-13 15:44:48.651  INFO 22724 --- [restartedMain] org.apache.catalina.core.StandardEngine  : Starting Servlet engine: [Apache Tomcat/9.0.30]
2020-03-13 15:44:48.916  INFO 22724 --- [restartedMain] o.a.c.c.C.[Tomcat].[localhost].[/]       : Initializing Spring embedded WebApplicationContext
2020-03-13 15:44:48.917  INFO 22724 --- [restartedMain] o.s.web.context.ContextLoader            : Root WebApplicationContext: initialization completed in 5877 ms
2020-03-13 15:44:49.019  INFO 22724 --- [restartedMain] com.zaxxer.hikari.HikariDataSource       : HikariPool-1 - Starting...
2020-03-13 15:44:49.509  INFO 22724 --- [restartedMain] com.zaxxer.hikari.HikariDataSource       : HikariPool-1 - Start completed.
2020-03-13 15:44:49.524  INFO 22724 --- [restartedMain] o.s.b.a.h2.H2ConsoleAutoConfiguration    : H2 console available at '/h2-console'. Database available at 'jdbc:h2:D:/community'
2020-03-13 15:45:01.901  INFO 22724 --- [restartedMain] o.s.s.concurrent.ThreadPoolTaskExecutor  : Initializing ExecutorService 'applicationTaskExecutor'
2020-03-13 15:45:02.211  INFO 22724 --- [restartedMain] o.s.b.a.w.s.WelcomePageHandlerMapping    : Adding welcome page template: index
2020-03-13 15:45:04.837  INFO 22724 --- [restartedMain] o.s.b.d.a.OptionalLiveReloadServer       : LiveReload server is running on port 35729
2020-03-13 15:45:05.248  INFO 22724 --- [restartedMain] o.s.b.w.embedded.tomcat.TomcatWebServer  : Tomcat started on port(s): 8887 (http) with context path ''
2020-03-13 15:45:05.284  INFO 22724 --- [restartedMain] l.kaoyan.community.CommunityApplication  : Started CommunityApplication in 23.507 seconds (JVM running for 30.292)
2020-03-13 15:46:54.173  INFO 22724 --- [http-nio-8887-exec-1] o.a.c.c.C.[Tomcat].[localhost].[/]       : Initializing Spring DispatcherServlet 'dispatcherServlet'
2020-03-13 15:46:54.174  INFO 22724 --- [http-nio-8887-exec-1] o.s.web.servlet.DispatcherServlet        : Initializing Servlet 'dispatcherServlet'
2020-03-13 15:46:54.189  INFO 22724 --- [http-nio-8887-exec-1] o.s.web.servlet.DispatcherServlet        : Completed initialization in 14 ms
2020-03-13 15:46:54.399 DEBUG 22724 --- [http-nio-8887-exec-1] l.k.c.m.QuestionExtMapper.countBySearch  : ==>  Preparing: select count(*) from QUESTION 
2020-03-13 15:46:54.445 DEBUG 22724 --- [http-nio-8887-exec-1] l.k.c.m.QuestionExtMapper.countBySearch  : ==> Parameters: 
2020-03-13 15:46:54.487 DEBUG 22724 --- [http-nio-8887-exec-1] l.k.c.m.QuestionExtMapper.countBySearch  : <==      Total: 1
2020-03-13 15:46:54.494 DEBUG 22724 --- [http-nio-8887-exec-1] l.k.c.m.Q.selectBySearch                 : ==>  Preparing: select * from QUESTION order by gmt_create desc limit ?,? 
2020-03-13 15:46:54.501 DEBUG 22724 --- [http-nio-8887-exec-1] l.k.c.m.Q.selectBySearch                 : ==> Parameters: 0(Integer), 5(Integer)
2020-03-13 15:46:54.516 DEBUG 22724 --- [http-nio-8887-exec-1] l.k.c.m.Q.selectBySearch                 : <==      Total: 5
2020-03-13 15:46:54.517 DEBUG 22724 --- [http-nio-8887-exec-1] l.k.c.m.UserMapper.selectByPrimaryKey    : ==>  Preparing: select ID, ACCOUNT_ID, NAME, TOKEN, GMT_CREATE, GMT_MODIFIED, BIO, AVATAR_URL from USER where ID = ? 
2020-03-13 15:46:54.524 DEBUG 22724 --- [http-nio-8887-exec-1] l.k.c.m.UserMapper.selectByPrimaryKey    : ==> Parameters: 1(Long)
2020-03-13 15:46:54.529 DEBUG 22724 --- [http-nio-8887-exec-1] l.k.c.m.UserMapper.selectByPrimaryKey    : <==      Total: 1
2020-03-13 15:46:54.544 DEBUG 22724 --- [http-nio-8887-exec-1] l.k.c.m.UserMapper.selectByPrimaryKey    : ==>  Preparing: select ID, ACCOUNT_ID, NAME, TOKEN, GMT_CREATE, GMT_MODIFIED, BIO, AVATAR_URL from USER where ID = ? 
2020-03-13 15:46:54.544 DEBUG 22724 --- [http-nio-8887-exec-1] l.k.c.m.UserMapper.selectByPrimaryKey    : ==> Parameters: 1(Long)
2020-03-13 15:46:54.546 DEBUG 22724 --- [http-nio-8887-exec-1] l.k.c.m.UserMapper.selectByPrimaryKey    : <==      Total: 1
2020-03-13 15:46:54.546 DEBUG 22724 --- [http-nio-8887-exec-1] l.k.c.m.UserMapper.selectByPrimaryKey    : ==>  Preparing: select ID, ACCOUNT_ID, NAME, TOKEN, GMT_CREATE, GMT_MODIFIED, BIO, AVATAR_URL from USER where ID = ? 
2020-03-13 15:46:54.547 DEBUG 22724 --- [http-nio-8887-exec-1] l.k.c.m.UserMapper.selectByPrimaryKey    : ==> Parameters: 1(Long)
2020-03-13 15:46:54.548 DEBUG 22724 --- [http-nio-8887-exec-1] l.k.c.m.UserMapper.selectByPrimaryKey    : <==      Total: 1
2020-03-13 15:46:54.549 DEBUG 22724 --- [http-nio-8887-exec-1] l.k.c.m.UserMapper.selectByPrimaryKey    : ==>  Preparing: select ID, ACCOUNT_ID, NAME, TOKEN, GMT_CREATE, GMT_MODIFIED, BIO, AVATAR_URL from USER where ID = ? 
2020-03-13 15:46:54.550 DEBUG 22724 --- [http-nio-8887-exec-1] l.k.c.m.UserMapper.selectByPrimaryKey    : ==> Parameters: 1(Long)
2020-03-13 15:46:54.551 DEBUG 22724 --- [http-nio-8887-exec-1] l.k.c.m.UserMapper.selectByPrimaryKey    : <==      Total: 1
2020-03-13 15:46:54.552 DEBUG 22724 --- [http-nio-8887-exec-1] l.k.c.m.UserMapper.selectByPrimaryKey    : ==>  Preparing: select ID, ACCOUNT_ID, NAME, TOKEN, GMT_CREATE, GMT_MODIFIED, BIO, AVATAR_URL from USER where ID = ? 
2020-03-13 15:46:54.553 DEBUG 22724 --- [http-nio-8887-exec-1] l.k.c.m.UserMapper.selectByPrimaryKey    : ==> Parameters: 1(Long)
2020-03-13 15:46:54.554 DEBUG 22724 --- [http-nio-8887-exec-1] l.k.c.m.UserMapper.selectByPrimaryKey    : <==      Total: 1
